<?xml version="1.0" encoding="UTF-8"?>
<!-- Generated by org.testng.reporters.JUnitReportReporter -->
<testsuite hostname="PUNITP542434L" failures="0" tests="6" name="com.LumaTestCases.cartPageTest" time="219.768" errors="0" timestamp="2024-04-27T15:20:40 IST" skipped="0">
  <testcase classname="com.LumaTestCases.cartPageTest" name="validate_get_Total_CartAmount" time="27.814"/>
  <system-out/>
  <testcase classname="com.LumaTestCases.cartPageTest" name="validate_get_Total_NumberOf_Items_InCart" time="31.760"/>
  <system-out/>
  <testcase classname="com.LumaTestCases.cartPageTest" name="validate_addToCart" time="32.878"/>
  <system-out/>
  <testcase classname="com.LumaTestCases.cartPageTest" name="validate_negative_AddToCart" time="28.765"/>
  <system-out/>
  <testcase classname="com.LumaTestCases.cartPageTest" name="validate_delete_Item_From_Cart" time="32.045"/>
  <system-out/>
  <testcase classname="com.LumaTestCases.cartPageTest" name="validate_placeOrder" time="66.506"/>
  <system-out/>
</testsuite> <!-- com.LumaTestCases.cartPageTest -->
