<?xml version="1.0" encoding="UTF-8"?>
<!-- Generated by org.testng.reporters.JUnitReportReporter -->
<testsuite hostname="PUNITP542434L" failures="0" tests="1" name="com.LumaTestCases.footerLinkPageTest" time="21.154" errors="0" timestamp="2024-04-27T15:25:39 IST" skipped="0">
  <testcase classname="com.LumaTestCases.footerLinkPageTest" name="validate_FooterLink_Notes" time="21.154"/>
  <system-out/>
</testsuite> <!-- com.LumaTestCases.footerLinkPageTest -->
