<?xml version="1.0" encoding="UTF-8"?>
<!-- Generated by org.testng.reporters.JUnitReportReporter -->
<testsuite hostname="PUNITP542434L" failures="0" tests="2" name="com.LumaTestCases.createAccoutPageTest" time="48.994" errors="0" timestamp="2024-04-27T15:20:40 IST" skipped="0">
  <testcase classname="com.LumaTestCases.createAccoutPageTest" name="Validate_Negative_CreateAccount" time="20.818"/>
  <system-out/>
  <testcase classname="com.LumaTestCases.createAccoutPageTest" name="validate_CreateAccount" time="28.176"/>
  <system-out/>
</testsuite> <!-- com.LumaTestCases.createAccoutPageTest -->
