<?xml version="1.0" encoding="UTF-8"?>
<!-- Generated by org.testng.reporters.JUnitReportReporter -->
<testsuite hostname="PUNITP542434L" failures="0" tests="2" name="com.LumaTestCases.salePageTest" time="39.629" errors="0" timestamp="2024-04-27T15:20:40 IST" skipped="0">
  <testcase classname="com.LumaTestCases.salePageTest" name="validate_titleOfSalesAvailable" time="19.567"/>
  <system-out/>
  <testcase classname="com.LumaTestCases.salePageTest" name="validate_numberOfSalesAvailable" time="20.062"/>
  <system-out/>
</testsuite> <!-- com.LumaTestCases.salePageTest -->
