<?xml version="1.0" encoding="UTF-8"?>
<!-- Generated by org.testng.reporters.JUnitReportReporter -->
<testsuite hostname="PUNITP542434L" failures="0" tests="1" name="com.LumaTestCases.gearPageTest" time="24.112" errors="0" timestamp="2024-04-27T15:20:40 IST" skipped="0">
  <testcase classname="com.LumaTestCases.gearPageTest" name="validate_identifyHotSellers" time="24.112"/>
  <system-out/>
</testsuite> <!-- com.LumaTestCases.gearPageTest -->
