<?xml version="1.0" encoding="UTF-8"?>
<!-- Generated by org.testng.reporters.JUnitReportReporter -->
<testsuite hostname="PUNITP542434L" failures="0" tests="1" name="com.LumaTestCases.trainingPageTest" time="22.767" errors="0" timestamp="2024-04-27T15:20:40 IST" skipped="0">
  <testcase classname="com.LumaTestCases.trainingPageTest" name="validate_identify_ListOf_Training_Videos" time="22.767"/>
  <system-out/>
</testsuite> <!-- com.LumaTestCases.trainingPageTest -->
