<?xml version="1.0" encoding="UTF-8"?>
<!-- Generated by org.testng.reporters.JUnitReportReporter -->
<testsuite hostname="PUNITP542434L" failures="0" tests="3" name="com.LumaTestCases.whatIsNewPageTest" time="87.663" errors="0" timestamp="2024-04-27T15:20:40 IST" skipped="0">
  <testcase classname="com.LumaTestCases.whatIsNewPageTest" name="validate_NumberOf_new_ItemsAdded" time="25.283"/>
  <system-out/>
  <testcase classname="com.LumaTestCases.whatIsNewPageTest" name="validate_sortResults_ByPrice" time="32.581"/>
  <system-out/>
  <testcase classname="com.LumaTestCases.whatIsNewPageTest" name="validate_details" time="29.799"/>
  <system-out/>
</testsuite> <!-- com.LumaTestCases.whatIsNewPageTest -->
