<?xml version="1.0" encoding="UTF-8"?>
<!-- Generated by org.testng.reporters.JUnitReportReporter -->
<testsuite hostname="PUNITP542434L" failures="0" tests="4" name="com.LumaTestCases.menPageTest" time="103.401" errors="0" timestamp="2024-04-27T15:20:40 IST" skipped="0">
  <testcase classname="com.LumaTestCases.menPageTest" name="validate_selectFilter_Style" time="24.182"/>
  <system-out/>
  <testcase classname="com.LumaTestCases.menPageTest" name="validate_selectListView_MenTops" time="24.042"/>
  <system-out/>
  <testcase classname="com.LumaTestCases.menPageTest" name="validate_clearAllFilter" time="29.747"/>
  <system-out/>
  <testcase classname="com.LumaTestCases.menPageTest" name="validate_selectFilter_Material" time="25.430"/>
  <system-out/>
</testsuite> <!-- com.LumaTestCases.menPageTest -->
