<?xml version="1.0" encoding="UTF-8"?>
<!-- Generated by org.testng.reporters.JUnitReportReporter -->
<testsuite hostname="PUNITP542434L" failures="0" tests="5" name="com.LumaTestCases.womenPageTest" time="168.848" errors="0" timestamp="2024-04-27T15:20:40 IST" skipped="0">
  <testcase classname="com.LumaTestCases.womenPageTest" name="validate_select_WomenJacket_Option" time="24.332"/>
  <system-out/>
  <testcase classname="com.LumaTestCases.womenPageTest" name="validate_addToWishList" time="41.541"/>
  <system-out/>
  <testcase classname="com.LumaTestCases.womenPageTest" name="validate_selectColorOfJacket" time="28.777"/>
  <system-out/>
  <testcase classname="com.LumaTestCases.womenPageTest" name="validate_selectSizeOfJacket" time="44.002"/>
  <system-out/>
  <testcase classname="com.LumaTestCases.womenPageTest" name="validate_selectQuantityOfJacket" time="30.196"/>
  <system-out/>
</testsuite> <!-- com.LumaTestCases.womenPageTest -->
