<?xml version="1.0" encoding="UTF-8"?>
<!-- Generated by org.testng.reporters.JUnitReportReporter -->
<testsuite hostname="PUNITP542434L" failures="0" tests="2" name="com.LumaTestCases.signInPageTest" time="57.636" errors="0" timestamp="2024-04-27T15:20:40 IST" skipped="0">
  <testcase classname="com.LumaTestCases.signInPageTest" name="validate_SignIn" time="26.848"/>
  <system-out/>
  <testcase classname="com.LumaTestCases.signInPageTest" name="validate_PasswordReset" time="30.788"/>
  <system-out/>
</testsuite> <!-- com.LumaTestCases.signInPageTest -->
